Compiling the C compiler identification source file "CMakeCCompilerId.c" failed.
Compiler: C:/XSSD Instalations/JetBrains/CLion 2021.3.4/bin/mingw/bin/gcc.exe 
Build flags: 
Id flags:  

The output was:
1
cc1.exe: fatal error: cannot open 'C:\Users\lukyl\AppData\Local\Temp\ccegJ1N1.s' for writing: Permission denied
compilation terminated.


Compiling the C compiler identification source file "CMakeCCompilerId.c" failed.
Compiler: C:/XSSD Instalations/JetBrains/CLion 2021.3.4/bin/mingw/bin/gcc.exe 
Build flags: 
Id flags: -c 

The output was:
1
cc1.exe: fatal error: cannot open 'C:\Users\lukyl\AppData\Local\Temp\ccrMrFLE.s' for writing: Permission denied
compilation terminated.


Compiling the C compiler identification source file "CMakeCCompilerId.c" failed.
Compiler: C:/XSSD Instalations/JetBrains/CLion 2021.3.4/bin/mingw/bin/gcc.exe 
Build flags: 
Id flags: -Aa 

The output was:
1
cc1.exe: fatal error: cannot open 'C:\Users\lukyl\AppData\Local\Temp\ccvyWHr8.s' for writing: Permission denied
compilation terminated.


Compiling the C compiler identification source file "CMakeCCompilerId.c" failed.
Compiler: C:/XSSD Instalations/JetBrains/CLion 2021.3.4/bin/mingw/bin/gcc.exe 
Build flags: 
Id flags: -D__CLASSIC_C__ 

The output was:
1
cc1.exe: fatal error: cannot open 'C:\Users\lukyl\AppData\Local\Temp\ccUaFAQs.s' for writing: Permission denied
compilation terminated.


Compiling the C compiler identification source file "CMakeCCompilerId.c" failed.
Compiler: C:/XSSD Instalations/JetBrains/CLion 2021.3.4/bin/mingw/bin/gcc.exe 
Build flags: 
Id flags: --target=arm-arm-none-eabi;-mcpu=cortex-m3 

The output was:
1
gcc.exe: warning: '-mcpu=' is deprecated; use '-mtune=' or '-march=' instead
gcc.exe: error: unrecognized command-line option '--target=arm-arm-none-eabi'


Compiling the C compiler identification source file "CMakeCCompilerId.c" failed.
Compiler: C:/XSSD Instalations/JetBrains/CLion 2021.3.4/bin/mingw/bin/gcc.exe 
Build flags: 
Id flags: -c;-I__does_not_exist__ 

The output was:
1
cc1.exe: fatal error: cannot open 'C:\Users\lukyl\AppData\Local\Temp\ccGdc0uY.s' for writing: Permission denied
compilation terminated.


Compiling the C compiler identification source file "CMakeCCompilerId.c" failed.
Compiler: C:/XSSD Instalations/JetBrains/CLion 2021.3.4/bin/mingw/bin/gcc.exe 
Build flags: 
Id flags:  

The output was:
1
cc1.exe: fatal error: cannot open 'C:\Users\lukyl\AppData\Local\Temp\ccNU4vok.s' for writing: Permission denied
compilation terminated.


Compiling the C compiler identification source file "CMakeCCompilerId.c" failed.
Compiler: C:/XSSD Instalations/JetBrains/CLion 2021.3.4/bin/mingw/bin/gcc.exe 
Build flags: 
Id flags: -c 

The output was:
1
cc1.exe: fatal error: cannot open 'C:\Users\lukyl\AppData\Local\Temp\cclaNbGQ.s' for writing: Permission denied
compilation terminated.


Compiling the C compiler identification source file "CMakeCCompilerId.c" failed.
Compiler: C:/XSSD Instalations/JetBrains/CLion 2021.3.4/bin/mingw/bin/gcc.exe 
Build flags: 
Id flags: -Aa 

The output was:
1
cc1.exe: fatal error: cannot open 'C:\Users\lukyl\AppData\Local\Temp\cc0khWei.s' for writing: Permission denied
compilation terminated.


Compiling the C compiler identification source file "CMakeCCompilerId.c" failed.
Compiler: C:/XSSD Instalations/JetBrains/CLion 2021.3.4/bin/mingw/bin/gcc.exe 
Build flags: 
Id flags: -D__CLASSIC_C__ 

The output was:
1
cc1.exe: fatal error: cannot open 'C:\Users\lukyl\AppData\Local\Temp\ccW2OEnH.s' for writing: Permission denied
compilation terminated.


Compiling the C compiler identification source file "CMakeCCompilerId.c" failed.
Compiler: C:/XSSD Instalations/JetBrains/CLion 2021.3.4/bin/mingw/bin/gcc.exe 
Build flags: 
Id flags: --target=arm-arm-none-eabi;-mcpu=cortex-m3 

The output was:
1
gcc.exe: warning: '-mcpu=' is deprecated; use '-mtune=' or '-march=' instead
gcc.exe: error: unrecognized command-line option '--target=arm-arm-none-eabi'


Compiling the C compiler identification source file "CMakeCCompilerId.c" failed.
Compiler: C:/XSSD Instalations/JetBrains/CLion 2021.3.4/bin/mingw/bin/gcc.exe 
Build flags: 
Id flags: -c;-I__does_not_exist__ 

The output was:
1
cc1.exe: fatal error: cannot open 'C:\Users\lukyl\AppData\Local\Temp\cc4INTIe.s' for writing: Permission denied
compilation terminated.


Checking whether the C compiler is IAR using "" did not match "IAR .+ Compiler":
gcc.exe: fatal error: no input files
compilation terminated.
Checking whether the C compiler is IAR using "" did not match "IAR .+ Compiler":
gcc.exe: fatal error: no input files
compilation terminated.
Compiling the CXX compiler identification source file "CMakeCXXCompilerId.cpp" failed.
Compiler: C:/XSSD Instalations/JetBrains/CLion 2021.3.4/bin/mingw/bin/g++.exe 
Build flags: 
Id flags:  

The output was:
1
cc1plus.exe: fatal error: cannot open 'C:\Users\lukyl\AppData\Local\Temp\cc7jdYqH.s' for writing: Permission denied
compilation terminated.


Compiling the CXX compiler identification source file "CMakeCXXCompilerId.cpp" failed.
Compiler: C:/XSSD Instalations/JetBrains/CLion 2021.3.4/bin/mingw/bin/g++.exe 
Build flags: 
Id flags: -c 

The output was:
1
cc1plus.exe: fatal error: cannot open 'C:\Users\lukyl\AppData\Local\Temp\cccwTQ2s.s' for writing: Permission denied
compilation terminated.


Compiling the CXX compiler identification source file "CMakeCXXCompilerId.cpp" failed.
Compiler: C:/XSSD Instalations/JetBrains/CLion 2021.3.4/bin/mingw/bin/g++.exe 
Build flags: 
Id flags: --c++ 

The output was:
1
g++.exe: error: unrecognized command-line option '--c++'


Compiling the CXX compiler identification source file "CMakeCXXCompilerId.cpp" failed.
Compiler: C:/XSSD Instalations/JetBrains/CLion 2021.3.4/bin/mingw/bin/g++.exe 
Build flags: 
Id flags: --ec++ 

The output was:
1
g++.exe: error: unrecognized command-line option '--ec++'; did you mean '-Weffc++'?


Compiling the CXX compiler identification source file "CMakeCXXCompilerId.cpp" failed.
Compiler: C:/XSSD Instalations/JetBrains/CLion 2021.3.4/bin/mingw/bin/g++.exe 
Build flags: 
Id flags: --target=arm-arm-none-eabi;-mcpu=cortex-m3 

The output was:
1
g++.exe: warning: '-mcpu=' is deprecated; use '-mtune=' or '-march=' instead
g++.exe: error: unrecognized command-line option '--target=arm-arm-none-eabi'


Compiling the CXX compiler identification source file "CMakeCXXCompilerId.cpp" failed.
Compiler: C:/XSSD Instalations/JetBrains/CLion 2021.3.4/bin/mingw/bin/g++.exe 
Build flags: 
Id flags: -c;-I__does_not_exist__ 

The output was:
1
cc1plus.exe: fatal error: cannot open 'C:\Users\lukyl\AppData\Local\Temp\ccydbc09.s' for writing: Permission denied
compilation terminated.


Compiling the CXX compiler identification source file "CMakeCXXCompilerId.cpp" failed.
Compiler: C:/XSSD Instalations/JetBrains/CLion 2021.3.4/bin/mingw/bin/g++.exe 
Build flags: 
Id flags:  

The output was:
1
cc1plus.exe: fatal error: cannot open 'C:\Users\lukyl\AppData\Local\Temp\ccJyrL2r.s' for writing: Permission denied
compilation terminated.


Compiling the CXX compiler identification source file "CMakeCXXCompilerId.cpp" failed.
Compiler: C:/XSSD Instalations/JetBrains/CLion 2021.3.4/bin/mingw/bin/g++.exe 
Build flags: 
Id flags: -c 

The output was:
1
cc1plus.exe: fatal error: cannot open 'C:\Users\lukyl\AppData\Local\Temp\cc5hgPNR.s' for writing: Permission denied
compilation terminated.


Compiling the CXX compiler identification source file "CMakeCXXCompilerId.cpp" failed.
Compiler: C:/XSSD Instalations/JetBrains/CLion 2021.3.4/bin/mingw/bin/g++.exe 
Build flags: 
Id flags: --c++ 

The output was:
1
g++.exe: error: unrecognized command-line option '--c++'


Compiling the CXX compiler identification source file "CMakeCXXCompilerId.cpp" failed.
Compiler: C:/XSSD Instalations/JetBrains/CLion 2021.3.4/bin/mingw/bin/g++.exe 
Build flags: 
Id flags: --ec++ 

The output was:
1
g++.exe: error: unrecognized command-line option '--ec++'; did you mean '-Weffc++'?


Compiling the CXX compiler identification source file "CMakeCXXCompilerId.cpp" failed.
Compiler: C:/XSSD Instalations/JetBrains/CLion 2021.3.4/bin/mingw/bin/g++.exe 
Build flags: 
Id flags: --target=arm-arm-none-eabi;-mcpu=cortex-m3 

The output was:
1
g++.exe: warning: '-mcpu=' is deprecated; use '-mtune=' or '-march=' instead
g++.exe: error: unrecognized command-line option '--target=arm-arm-none-eabi'


Compiling the CXX compiler identification source file "CMakeCXXCompilerId.cpp" failed.
Compiler: C:/XSSD Instalations/JetBrains/CLion 2021.3.4/bin/mingw/bin/g++.exe 
Build flags: 
Id flags: -c;-I__does_not_exist__ 

The output was:
1
cc1plus.exe: fatal error: cannot open 'C:\Users\lukyl\AppData\Local\Temp\cckTmyJk.s' for writing: Permission denied
compilation terminated.


Checking whether the CXX compiler is IAR using "" did not match "IAR .+ Compiler":
g++.exe: fatal error: no input files
compilation terminated.
Checking whether the CXX compiler is IAR using "" did not match "IAR .+ Compiler":
g++.exe: fatal error: no input files
compilation terminated.
Detecting C compiler ABI info failed to compile with the following output:
Change Dir: D:/University/UNI/PFL/Lab1/cmake-build-debug/CMakeFiles/CMakeTmp

Run Build Command(s):C:/XSSD Instalations/JetBrains/CLion 2021.3.4/bin/ninja/win/ninja.exe cmTC_95669 && [1/2] Building C object CMakeFiles\cmTC_95669.dir\CMakeCCompilerABI.c.obj
FAILED: CMakeFiles/cmTC_95669.dir/CMakeCCompilerABI.c.obj 
C:\XSSDIN~1\JETBRA~1\CLION2~1.4\bin\mingw\bin\gcc.exe    -o CMakeFiles\cmTC_95669.dir\CMakeCCompilerABI.c.obj -c "C:\XSSD Instalations\JetBrains\CLion 2021.3.4\bin\cmake\win\share\cmake-3.21\Modules\CMakeCCompilerABI.c"
cc1.exe: fatal error: cannot open 'C:\Users\lukyl\AppData\Local\Temp\ccu6IA47.s' for writing: Permission denied
compilation terminated.
ninja: build stopped: subcommand failed.




Determining if the C compiler works failed with the following output:
Change Dir: D:/University/UNI/PFL/Lab1/cmake-build-debug/CMakeFiles/CMakeTmp

Run Build Command(s):C:/XSSD Instalations/JetBrains/CLion 2021.3.4/bin/ninja/win/ninja.exe cmTC_4e248 && [1/2] Building C object CMakeFiles\cmTC_4e248.dir\testCCompiler.c.obj
FAILED: CMakeFiles/cmTC_4e248.dir/testCCompiler.c.obj 
C:\XSSDIN~1\JETBRA~1\CLION2~1.4\bin\mingw\bin\gcc.exe    -o CMakeFiles\cmTC_4e248.dir\testCCompiler.c.obj -c D:\University\UNI\PFL\Lab1\cmake-build-debug\CMakeFiles\CMakeTmp\testCCompiler.c
cc1.exe: fatal error: cannot open 'C:\Users\lukyl\AppData\Local\Temp\cclLXsOA.s' for writing: Permission denied
compilation terminated.
ninja: build stopped: subcommand failed.



